2026-01-07 16:05:25.201 +05:00 [ERR] An error occurred using the connection to database 'exam_06_01_2025' on server 'tcp://localhost:5432'.
2026-01-07 16:05:44.427 +05:00 [INF] Executed DbCommand (6,446ms) [Parameters=[], CommandType='"Text"', CommandTimeout='30']
CREATE DATABASE exam_06_01_2025;
2026-01-07 16:05:55.880 +05:00 [INF] Executed DbCommand (1,880ms) [Parameters=[], CommandType='"Text"', CommandTimeout='30']
CREATE TABLE IF NOT EXISTS "__EFMigrationsHistory" (
    "MigrationId" character varying(150) NOT NULL,
    "ProductVersion" character varying(32) NOT NULL,
    CONSTRAINT "PK___EFMigrationsHistory" PRIMARY KEY ("MigrationId")
);
2026-01-07 16:06:02.692 +05:00 [INF] Executed DbCommand (16ms) [Parameters=[], CommandType='"Text"', CommandTimeout='30']
LOCK TABLE "__EFMigrationsHistory" IN ACCESS EXCLUSIVE MODE
2026-01-07 16:06:02.759 +05:00 [INF] Executed DbCommand (30ms) [Parameters=[], CommandType='"Text"', CommandTimeout='30']
SELECT "MigrationId", "ProductVersion"
FROM "__EFMigrationsHistory"
ORDER BY "MigrationId";
2026-01-07 16:06:03.207 +05:00 [INF] Applying migration '20260107104113_Initial'.
2026-01-07 16:06:08.723 +05:00 [INF] Executed DbCommand (32ms) [Parameters=[], CommandType='"Text"', CommandTimeout='30']
CREATE TABLE "ActivityTypes" (
    "Id" integer GENERATED BY DEFAULT AS IDENTITY,
    "Name" text NOT NULL,
    CONSTRAINT "PK_ActivityTypes" PRIMARY KEY ("Id")
);
2026-01-07 16:06:10.843 +05:00 [INF] Executed DbCommand (21ms) [Parameters=[], CommandType='"Text"', CommandTimeout='30']
CREATE TABLE "AspNetRoles" (
    "Id" integer GENERATED BY DEFAULT AS IDENTITY,
    "Name" character varying(256),
    "NormalizedName" character varying(256),
    "ConcurrencyStamp" text,
    CONSTRAINT "PK_AspNetRoles" PRIMARY KEY ("Id")
);
2026-01-07 16:06:10.920 +05:00 [INF] Executed DbCommand (32ms) [Parameters=[], CommandType='"Text"', CommandTimeout='30']
CREATE TABLE "AspNetUsers" (
    "Id" integer GENERATED BY DEFAULT AS IDENTITY,
    "FirstName" text NOT NULL,
    "LastName" text NOT NULL,
    "UserName" character varying(256),
    "NormalizedUserName" character varying(256),
    "Email" character varying(256),
    "NormalizedEmail" character varying(256),
    "EmailConfirmed" boolean NOT NULL,
    "PasswordHash" text,
    "SecurityStamp" text,
    "ConcurrencyStamp" text,
    "PhoneNumber" text,
    "PhoneNumberConfirmed" boolean NOT NULL,
    "TwoFactorEnabled" boolean NOT NULL,
    "LockoutEnd" timestamp with time zone,
    "LockoutEnabled" boolean NOT NULL,
    "AccessFailedCount" integer NOT NULL,
    CONSTRAINT "PK_AspNetUsers" PRIMARY KEY ("Id")
);
2026-01-07 16:06:12.947 +05:00 [INF] Executed DbCommand (20ms) [Parameters=[], CommandType='"Text"', CommandTimeout='30']
CREATE TABLE "UserActivities" (
    "Id" integer GENERATED BY DEFAULT AS IDENTITY,
    "UserId" integer NOT NULL,
    "Description" text NOT NULL,
    "CreadAt" timestamp with time zone NOT NULL,
    "ActivityId" integer NOT NULL,
    "ActivityTypeId" integer NOT NULL,
    CONSTRAINT "PK_UserActivities" PRIMARY KEY ("Id"),
    CONSTRAINT "FK_UserActivities_ActivityTypes_ActivityTypeId" FOREIGN KEY ("ActivityTypeId") REFERENCES "ActivityTypes" ("Id") ON DELETE CASCADE
);
2026-01-07 16:06:13.040 +05:00 [INF] Executed DbCommand (66ms) [Parameters=[], CommandType='"Text"', CommandTimeout='30']
CREATE TABLE "AspNetRoleClaims" (
    "Id" integer GENERATED BY DEFAULT AS IDENTITY,
    "RoleId" integer NOT NULL,
    "ClaimType" text,
    "ClaimValue" text,
    CONSTRAINT "PK_AspNetRoleClaims" PRIMARY KEY ("Id"),
    CONSTRAINT "FK_AspNetRoleClaims_AspNetRoles_RoleId" FOREIGN KEY ("RoleId") REFERENCES "AspNetRoles" ("Id") ON DELETE CASCADE
);
2026-01-07 16:06:15.141 +05:00 [INF] Executed DbCommand (18ms) [Parameters=[], CommandType='"Text"', CommandTimeout='30']
CREATE TABLE "AspNetUserClaims" (
    "Id" integer GENERATED BY DEFAULT AS IDENTITY,
    "UserId" integer NOT NULL,
    "ClaimType" text,
    "ClaimValue" text,
    CONSTRAINT "PK_AspNetUserClaims" PRIMARY KEY ("Id"),
    CONSTRAINT "FK_AspNetUserClaims_AspNetUsers_UserId" FOREIGN KEY ("UserId") REFERENCES "AspNetUsers" ("Id") ON DELETE CASCADE
);
2026-01-07 16:06:17.073 +05:00 [INF] Executed DbCommand (40ms) [Parameters=[], CommandType='"Text"', CommandTimeout='30']
CREATE TABLE "AspNetUserLogins" (
    "LoginProvider" text NOT NULL,
    "ProviderKey" text NOT NULL,
    "ProviderDisplayName" text,
    "UserId" integer NOT NULL,
    CONSTRAINT "PK_AspNetUserLogins" PRIMARY KEY ("LoginProvider", "ProviderKey"),
    CONSTRAINT "FK_AspNetUserLogins_AspNetUsers_UserId" FOREIGN KEY ("UserId") REFERENCES "AspNetUsers" ("Id") ON DELETE CASCADE
);
2026-01-07 16:06:17.666 +05:00 [INF] Executed DbCommand (42ms) [Parameters=[], CommandType='"Text"', CommandTimeout='30']
CREATE TABLE "AspNetUserRoles" (
    "UserId" integer NOT NULL,
    "RoleId" integer NOT NULL,
    CONSTRAINT "PK_AspNetUserRoles" PRIMARY KEY ("UserId", "RoleId"),
    CONSTRAINT "FK_AspNetUserRoles_AspNetRoles_RoleId" FOREIGN KEY ("RoleId") REFERENCES "AspNetRoles" ("Id") ON DELETE CASCADE,
    CONSTRAINT "FK_AspNetUserRoles_AspNetUsers_UserId" FOREIGN KEY ("UserId") REFERENCES "AspNetUsers" ("Id") ON DELETE CASCADE
);
2026-01-07 16:06:18.167 +05:00 [INF] Executed DbCommand (12ms) [Parameters=[], CommandType='"Text"', CommandTimeout='30']
CREATE TABLE "AspNetUserTokens" (
    "UserId" integer NOT NULL,
    "LoginProvider" text NOT NULL,
    "Name" text NOT NULL,
    "Value" text,
    CONSTRAINT "PK_AspNetUserTokens" PRIMARY KEY ("UserId", "LoginProvider", "Name"),
    CONSTRAINT "FK_AspNetUserTokens_AspNetUsers_UserId" FOREIGN KEY ("UserId") REFERENCES "AspNetUsers" ("Id") ON DELETE CASCADE
);
2026-01-07 16:06:18.606 +05:00 [INF] Executed DbCommand (29ms) [Parameters=[], CommandType='"Text"', CommandTimeout='30']
CREATE INDEX "IX_AspNetRoleClaims_RoleId" ON "AspNetRoleClaims" ("RoleId");
2026-01-07 16:06:19.072 +05:00 [INF] Executed DbCommand (15ms) [Parameters=[], CommandType='"Text"', CommandTimeout='30']
CREATE UNIQUE INDEX "RoleNameIndex" ON "AspNetRoles" ("NormalizedName");
2026-01-07 16:06:19.374 +05:00 [INF] Executed DbCommand (3ms) [Parameters=[], CommandType='"Text"', CommandTimeout='30']
CREATE INDEX "IX_AspNetUserClaims_UserId" ON "AspNetUserClaims" ("UserId");
2026-01-07 16:06:20.036 +05:00 [INF] Executed DbCommand (9ms) [Parameters=[], CommandType='"Text"', CommandTimeout='30']
CREATE INDEX "IX_AspNetUserLogins_UserId" ON "AspNetUserLogins" ("UserId");
2026-01-07 16:06:20.393 +05:00 [INF] Executed DbCommand (3ms) [Parameters=[], CommandType='"Text"', CommandTimeout='30']
CREATE INDEX "IX_AspNetUserRoles_RoleId" ON "AspNetUserRoles" ("RoleId");
2026-01-07 16:06:24.274 +05:00 [INF] Executed DbCommand (37ms) [Parameters=[], CommandType='"Text"', CommandTimeout='30']
CREATE INDEX "EmailIndex" ON "AspNetUsers" ("NormalizedEmail");
2026-01-07 16:06:25.541 +05:00 [INF] Executed DbCommand (4ms) [Parameters=[], CommandType='"Text"', CommandTimeout='30']
CREATE UNIQUE INDEX "UserNameIndex" ON "AspNetUsers" ("NormalizedUserName");
2026-01-07 16:06:26.069 +05:00 [INF] Executed DbCommand (21ms) [Parameters=[], CommandType='"Text"', CommandTimeout='30']
CREATE INDEX "IX_UserActivities_ActivityTypeId" ON "UserActivities" ("ActivityTypeId");
2026-01-07 16:06:26.370 +05:00 [INF] Executed DbCommand (14ms) [Parameters=[], CommandType='"Text"', CommandTimeout='30']
INSERT INTO "__EFMigrationsHistory" ("MigrationId", "ProductVersion")
VALUES ('20260107104113_Initial', '9.0.11');
2026-01-07 16:06:27.000 +05:00 [INF] User profile is available. Using 'C:\Users\LLC LEADER\AppData\Local\ASP.NET\DataProtection-Keys' as key repository and Windows DPAPI to encrypt keys at rest.
2026-01-07 16:06:29.751 +05:00 [INF] Executed DbCommand (30ms) [Parameters=[], CommandType='"Text"', CommandTimeout='30']
SELECT a."Id", a."ConcurrencyStamp", a."Name", a."NormalizedName"
FROM "AspNetRoles" AS a
2026-01-07 16:06:31.828 +05:00 [INF] Executed DbCommand (377ms) [Parameters=[@__normalizedName_0='?'], CommandType='"Text"', CommandTimeout='30']
SELECT a."Id", a."ConcurrencyStamp", a."Name", a."NormalizedName"
FROM "AspNetRoles" AS a
WHERE a."NormalizedName" = @__normalizedName_0
LIMIT 1
2026-01-07 16:06:35.468 +05:00 [INF] Executed DbCommand (131ms) [Parameters=[@p0='?', @p1='?', @p2='?'], CommandType='"Text"', CommandTimeout='30']
INSERT INTO "AspNetRoles" ("ConcurrencyStamp", "Name", "NormalizedName")
VALUES (@p0, @p1, @p2)
RETURNING "Id";
2026-01-07 16:06:42.246 +05:00 [INF] Executed DbCommand (17ms) [Parameters=[@__normalizedName_0='?'], CommandType='"Text"', CommandTimeout='30']
SELECT a."Id", a."ConcurrencyStamp", a."Name", a."NormalizedName"
FROM "AspNetRoles" AS a
WHERE a."NormalizedName" = @__normalizedName_0
LIMIT 1
2026-01-07 16:06:45.002 +05:00 [INF] Executed DbCommand (16ms) [Parameters=[@p0='?', @p1='?', @p2='?'], CommandType='"Text"', CommandTimeout='30']
INSERT INTO "AspNetRoles" ("ConcurrencyStamp", "Name", "NormalizedName")
VALUES (@p0, @p1, @p2)
RETURNING "Id";
2026-01-07 16:06:45.506 +05:00 [INF] Executed DbCommand (4ms) [Parameters=[@__normalizedName_0='?'], CommandType='"Text"', CommandTimeout='30']
SELECT a."Id", a."ConcurrencyStamp", a."Name", a."NormalizedName"
FROM "AspNetRoles" AS a
WHERE a."NormalizedName" = @__normalizedName_0
LIMIT 1
2026-01-07 16:06:46.317 +05:00 [INF] Executed DbCommand (12ms) [Parameters=[@p0='?', @p1='?', @p2='?'], CommandType='"Text"', CommandTimeout='30']
INSERT INTO "AspNetRoles" ("ConcurrencyStamp", "Name", "NormalizedName")
VALUES (@p0, @p1, @p2)
RETURNING "Id";
2026-01-07 16:06:47.306 +05:00 [INF] Executed DbCommand (13ms) [Parameters=[@__normalizedUserName_0='?'], CommandType='"Text"', CommandTimeout='30']
SELECT a."Id", a."AccessFailedCount", a."ConcurrencyStamp", a."Email", a."EmailConfirmed", a."FirstName", a."LastName", a."LockoutEnabled", a."LockoutEnd", a."NormalizedEmail", a."NormalizedUserName", a."PasswordHash", a."PhoneNumber", a."PhoneNumberConfirmed", a."SecurityStamp", a."TwoFactorEnabled", a."UserName"
FROM "AspNetUsers" AS a
WHERE a."NormalizedUserName" = @__normalizedUserName_0
LIMIT 1
2026-01-07 16:06:49.068 +05:00 [INF] Executed DbCommand (4ms) [Parameters=[@__normalizedUserName_0='?'], CommandType='"Text"', CommandTimeout='30']
SELECT a."Id", a."AccessFailedCount", a."ConcurrencyStamp", a."Email", a."EmailConfirmed", a."FirstName", a."LastName", a."LockoutEnabled", a."LockoutEnd", a."NormalizedEmail", a."NormalizedUserName", a."PasswordHash", a."PhoneNumber", a."PhoneNumberConfirmed", a."SecurityStamp", a."TwoFactorEnabled", a."UserName"
FROM "AspNetUsers" AS a
WHERE a."NormalizedUserName" = @__normalizedUserName_0
LIMIT 1
2026-01-07 16:06:51.316 +05:00 [INF] Executed DbCommand (221ms) [Parameters=[@p0='?' (DbType = Int32), @p1='?', @p2='?', @p3='?' (DbType = Boolean), @p4='?', @p5='?', @p6='?' (DbType = Boolean), @p7='?' (DbType = DateTime), @p8='?', @p9='?', @p10='?', @p11='?', @p12='?' (DbType = Boolean), @p13='?', @p14='?' (DbType = Boolean), @p15='?'], CommandType='"Text"', CommandTimeout='30']
INSERT INTO "AspNetUsers" ("AccessFailedCount", "ConcurrencyStamp", "Email", "EmailConfirmed", "FirstName", "LastName", "LockoutEnabled", "LockoutEnd", "NormalizedEmail", "NormalizedUserName", "PasswordHash", "PhoneNumber", "PhoneNumberConfirmed", "SecurityStamp", "TwoFactorEnabled", "UserName")
VALUES (@p0, @p1, @p2, @p3, @p4, @p5, @p6, @p7, @p8, @p9, @p10, @p11, @p12, @p13, @p14, @p15)
RETURNING "Id";
2026-01-07 16:06:55.377 +05:00 [INF] Executed DbCommand (15ms) [Parameters=[@__normalizedRoleName_0='?'], CommandType='"Text"', CommandTimeout='30']
SELECT a."Id", a."ConcurrencyStamp", a."Name", a."NormalizedName"
FROM "AspNetRoles" AS a
WHERE a."NormalizedName" = @__normalizedRoleName_0
LIMIT 2
2026-01-07 16:06:56.686 +05:00 [INF] Executed DbCommand (3ms) [Parameters=[@__p_0='?' (DbType = Int32), @__p_1='?' (DbType = Int32)], CommandType='"Text"', CommandTimeout='30']
SELECT a."UserId", a."RoleId"
FROM "AspNetUserRoles" AS a
WHERE a."UserId" = @__p_0 AND a."RoleId" = @__p_1
LIMIT 1
2026-01-07 16:06:57.488 +05:00 [INF] Executed DbCommand (1ms) [Parameters=[@__normalizedRoleName_0='?'], CommandType='"Text"', CommandTimeout='30']
SELECT a."Id", a."ConcurrencyStamp", a."Name", a."NormalizedName"
FROM "AspNetRoles" AS a
WHERE a."NormalizedName" = @__normalizedRoleName_0
LIMIT 2
2026-01-07 16:06:58.536 +05:00 [INF] Executed DbCommand (3ms) [Parameters=[@__normalizedUserName_0='?'], CommandType='"Text"', CommandTimeout='30']
SELECT a."Id", a."AccessFailedCount", a."ConcurrencyStamp", a."Email", a."EmailConfirmed", a."FirstName", a."LastName", a."LockoutEnabled", a."LockoutEnd", a."NormalizedEmail", a."NormalizedUserName", a."PasswordHash", a."PhoneNumber", a."PhoneNumberConfirmed", a."SecurityStamp", a."TwoFactorEnabled", a."UserName"
FROM "AspNetUsers" AS a
WHERE a."NormalizedUserName" = @__normalizedUserName_0
LIMIT 1
2026-01-07 16:06:59.582 +05:00 [INF] Executed DbCommand (52ms) [Parameters=[@p0='?' (DbType = Int32), @p1='?' (DbType = Int32), @p18='?' (DbType = Int32), @p2='?' (DbType = Int32), @p3='?', @p19='?', @p4='?', @p5='?' (DbType = Boolean), @p6='?', @p7='?', @p8='?' (DbType = Boolean), @p9='?' (DbType = DateTime), @p10='?', @p11='?', @p12='?', @p13='?', @p14='?' (DbType = Boolean), @p15='?', @p16='?' (DbType = Boolean), @p17='?'], CommandType='"Text"', CommandTimeout='30']
INSERT INTO "AspNetUserRoles" ("RoleId", "UserId")
VALUES (@p0, @p1);
UPDATE "AspNetUsers" SET "AccessFailedCount" = @p2, "ConcurrencyStamp" = @p3, "Email" = @p4, "EmailConfirmed" = @p5, "FirstName" = @p6, "LastName" = @p7, "LockoutEnabled" = @p8, "LockoutEnd" = @p9, "NormalizedEmail" = @p10, "NormalizedUserName" = @p11, "PasswordHash" = @p12, "PhoneNumber" = @p13, "PhoneNumberConfirmed" = @p14, "SecurityStamp" = @p15, "TwoFactorEnabled" = @p16, "UserName" = @p17
WHERE "Id" = @p18 AND "ConcurrencyStamp" = @p19;
2026-01-07 16:07:02.031 +05:00 [INF] Initialized Scheduler Signaller of type: Quartz.Core.SchedulerSignalerImpl
2026-01-07 16:07:02.084 +05:00 [INF] Quartz Scheduler created
2026-01-07 16:07:02.287 +05:00 [INF] JobFactory set to: Quartz.Simpl.MicrosoftDependencyInjectionJobFactory
2026-01-07 16:07:02.400 +05:00 [INF] RAMJobStore initialized.
2026-01-07 16:07:02.515 +05:00 [INF] Quartz Scheduler 3.15.1.0 - 'QuartzScheduler' with instanceId 'NON_CLUSTERED' initialized
2026-01-07 16:07:02.619 +05:00 [INF] Using thread pool 'Quartz.Simpl.DefaultThreadPool', size: 10
2026-01-07 16:07:02.900 +05:00 [INF] Using job store 'Quartz.Simpl.RAMJobStore', supports persistence: False, clustered: False
2026-01-07 16:07:03.234 +05:00 [INF] Adding 1 jobs, 1 triggers.
2026-01-07 16:07:03.385 +05:00 [INF] Adding job: DEFAULT.UserActivityAnalysisJob
2026-01-07 16:07:04.400 +05:00 [INF] Now listening on: http://localhost:5072
2026-01-07 16:07:05.082 +05:00 [INF] Application started. Press Ctrl+C to shut down.
2026-01-07 16:07:05.146 +05:00 [INF] Scheduler QuartzScheduler_$_NON_CLUSTERED started.
2026-01-07 16:07:05.379 +05:00 [INF] Quartz Job started at "2026-01-07T11:07:05.3750452Z"
2026-01-07 16:07:06.183 +05:00 [INF] Hosting environment: Development
2026-01-07 16:07:06.315 +05:00 [INF] Content root path: C:\Users\LLC LEADER\OneDrive\Рабочий стол\WebApiDotnet\Exam_06_01_2025\WebApplication
2026-01-07 16:07:07.380 +05:00 [INF] Executed DbCommand (80ms) [Parameters=[], CommandType='"Text"', CommandTimeout='30']
SELECT u."ActivityId", count(*)::int AS "Count"
FROM "UserActivities" AS u
GROUP BY u."ActivityId"
2026-01-07 16:07:13.469 +05:00 [INF] Quartz Job finished at "2026-01-07T11:07:13.4697899Z"
2026-01-07 16:17:00.925 +05:00 [INF] Quartz Job started at "2026-01-07T11:17:00.9255395Z"
2026-01-07 16:17:03.107 +05:00 [INF] Executed DbCommand (31ms) [Parameters=[], CommandType='"Text"', CommandTimeout='30']
SELECT u."ActivityId", count(*)::int AS "Count"
FROM "UserActivities" AS u
GROUP BY u."ActivityId"
2026-01-07 16:17:04.570 +05:00 [INF] Quartz Job finished at "2026-01-07T11:17:04.5709333Z"
2026-01-07 16:32:28.348 +05:00 [INF] Request starting HTTP/1.1 GET http://localhost:5072/ - null null
2026-01-07 16:32:30.529 +05:00 [INF] User Request Activity {"Method":"GET","Path":{"Value":"/","HasValue":true,"$type":"PathString"},"UserId":"Anonymous","IP":"::1","Time":"2026-01-07 11:32:30"}
2026-01-07 16:32:31.178 +05:00 [WRN] Failed to determine the https port for redirect.
2026-01-07 16:32:31.567 +05:00 [INF] Request finished in 669 ms
2026-01-07 16:32:31.789 +05:00 [INF] Request finished HTTP/1.1 GET http://localhost:5072/ - 404 0 null 3461.5019ms
2026-01-07 16:32:32.946 +05:00 [INF] Request reached the end of the middleware pipeline without being handled by application code. Request path: GET http://localhost:5072/, Response status code: 404
2026-01-07 16:32:35.805 +05:00 [INF] Request starting HTTP/1.1 GET http://localhost:5072/swagger - null null
2026-01-07 16:32:35.838 +05:00 [INF] User Request Activity {"Method":"GET","Path":{"Value":"/swagger","HasValue":true,"$type":"PathString"},"UserId":"Anonymous","IP":"::1","Time":"2026-01-07 11:32:35"}
2026-01-07 16:32:35.984 +05:00 [INF] Request finished in 9 ms
2026-01-07 16:32:36.002 +05:00 [INF] Request finished HTTP/1.1 GET http://localhost:5072/swagger - 301 0 null 196.4665ms
2026-01-07 16:32:36.086 +05:00 [INF] Request starting HTTP/1.1 GET http://localhost:5072/swagger/index.html - null null
2026-01-07 16:32:36.248 +05:00 [INF] User Request Activity {"Method":"GET","Path":{"Value":"/swagger/index.html","HasValue":true,"$type":"PathString"},"UserId":"Anonymous","IP":"::1","Time":"2026-01-07 11:32:36"}
2026-01-07 16:32:37.101 +05:00 [INF] Request finished in 720 ms
2026-01-07 16:32:37.207 +05:00 [INF] Request starting HTTP/1.1 GET http://localhost:5072/swagger/swagger-ui.css - null null
2026-01-07 16:32:37.215 +05:00 [INF] Request finished HTTP/1.1 GET http://localhost:5072/swagger/index.html - 200 null text/html;charset=utf-8 1129.3635ms
2026-01-07 16:32:37.325 +05:00 [INF] Request starting HTTP/1.1 GET http://localhost:5072/swagger/index.css - null null
2026-01-07 16:32:37.267 +05:00 [INF] User Request Activity {"Method":"GET","Path":{"Value":"/swagger/swagger-ui.css","HasValue":true,"$type":"PathString"},"UserId":"Anonymous","IP":"::1","Time":"2026-01-07 11:32:37"}
2026-01-07 16:32:37.261 +05:00 [INF] Request starting HTTP/1.1 GET http://localhost:5072/swagger/swagger-ui-bundle.js - null null
2026-01-07 16:32:37.497 +05:00 [INF] User Request Activity {"Method":"GET","Path":{"Value":"/swagger/index.css","HasValue":true,"$type":"PathString"},"UserId":"Anonymous","IP":"::1","Time":"2026-01-07 11:32:37"}
2026-01-07 16:32:38.215 +05:00 [INF] User Request Activity {"Method":"GET","Path":{"Value":"/swagger/swagger-ui-bundle.js","HasValue":true,"$type":"PathString"},"UserId":"Anonymous","IP":"::1","Time":"2026-01-07 11:32:38"}
2026-01-07 16:32:38.231 +05:00 [INF] Request finished in 115 ms
2026-01-07 16:32:38.364 +05:00 [INF] Request finished in 3 ms
2026-01-07 16:32:38.629 +05:00 [INF] Request finished HTTP/1.1 GET http://localhost:5072/swagger/swagger-ui.css - 200 23647 text/css 1422.0188ms
2026-01-07 16:32:38.666 +05:00 [INF] Request finished HTTP/1.1 GET http://localhost:5072/swagger/index.css - 200 152 text/css 1340.5651ms
2026-01-07 16:32:38.671 +05:00 [INF] Request starting HTTP/1.1 GET http://localhost:5072/swagger/swagger-ui-standalone-preset.js - null null
2026-01-07 16:32:38.738 +05:00 [INF] Request starting HTTP/1.1 GET http://localhost:5072/swagger/index.js - null null
2026-01-07 16:32:38.949 +05:00 [INF] Request finished in 446 ms
2026-01-07 16:32:39.147 +05:00 [INF] User Request Activity {"Method":"GET","Path":{"Value":"/swagger/swagger-ui-standalone-preset.js","HasValue":true,"$type":"PathString"},"UserId":"Anonymous","IP":"::1","Time":"2026-01-07 11:32:39"}
2026-01-07 16:32:39.214 +05:00 [INF] User Request Activity {"Method":"GET","Path":{"Value":"/swagger/index.js","HasValue":true,"$type":"PathString"},"UserId":"Anonymous","IP":"::1","Time":"2026-01-07 11:32:39"}
2026-01-07 16:32:39.232 +05:00 [INF] Request finished HTTP/1.1 GET http://localhost:5072/swagger/swagger-ui-bundle.js - 200 424767 text/javascript 1970.8051ms
2026-01-07 16:32:39.448 +05:00 [INF] Request finished in 114 ms
2026-01-07 16:32:39.997 +05:00 [INF] Request finished in 7 ms
2026-01-07 16:32:40.127 +05:00 [INF] Request finished HTTP/1.1 GET http://localhost:5072/swagger/swagger-ui-standalone-preset.js - 200 77352 text/javascript 1455.7058ms
2026-01-07 16:32:40.144 +05:00 [INF] Request finished HTTP/1.1 GET http://localhost:5072/swagger/index.js - 200 null application/javascript;charset=utf-8 1406.1242ms
2026-01-07 16:32:40.610 +05:00 [INF] Request starting HTTP/1.1 GET http://localhost:5072/swagger/favicon-32x32.png - null null
2026-01-07 16:32:40.728 +05:00 [INF] Request starting HTTP/1.1 GET http://localhost:5072/swagger/v1/swagger.json - null null
2026-01-07 16:32:40.817 +05:00 [INF] User Request Activity {"Method":"GET","Path":{"Value":"/swagger/favicon-32x32.png","HasValue":true,"$type":"PathString"},"UserId":"Anonymous","IP":"::1","Time":"2026-01-07 11:32:40"}
2026-01-07 16:32:40.864 +05:00 [INF] User Request Activity {"Method":"GET","Path":{"Value":"/swagger/v1/swagger.json","HasValue":true,"$type":"PathString"},"UserId":"Anonymous","IP":"::1","Time":"2026-01-07 11:32:40"}
2026-01-07 16:32:41.084 +05:00 [INF] Request finished in 22 ms
2026-01-07 16:32:41.187 +05:00 [INF] Request finished HTTP/1.1 GET http://localhost:5072/swagger/favicon-32x32.png - 200 628 image/png 577.0828ms
2026-01-07 16:32:42.243 +05:00 [INF] Request finished in 1088 ms
2026-01-07 16:32:42.479 +05:00 [INF] Request finished HTTP/1.1 GET http://localhost:5072/swagger/v1/swagger.json - 200 null application/json;charset=utf-8 1750.8736ms
2026-01-07 16:33:35.666 +05:00 [INF] Application is shutting down...
2026-01-07 16:33:35.855 +05:00 [INF] Scheduler QuartzScheduler_$_NON_CLUSTERED shutting down.
2026-01-07 16:33:35.971 +05:00 [INF] Scheduler QuartzScheduler_$_NON_CLUSTERED paused.
2026-01-07 16:33:36.203 +05:00 [INF] Scheduler QuartzScheduler_$_NON_CLUSTERED Shutdown complete.
